[13-May-2019 21:35:59 UTC] PHP Parse error:  syntax error, unexpected '?' in /home2/bpomptkw/laravel/vendor/laravel/framework/src/Illuminate/Foundation/helpers.php on line 500
[13-May-2019 21:36:01 UTC] PHP Parse error:  syntax error, unexpected '?' in /home2/bpomptkw/laravel/vendor/laravel/framework/src/Illuminate/Foundation/helpers.php on line 500
[13-May-2019 21:37:01 UTC] PHP Parse error:  syntax error, unexpected '?' in /home2/bpomptkw/laravel/vendor/laravel/framework/src/Illuminate/Foundation/helpers.php on line 500
[13-May-2019 21:38:45 UTC] PHP Warning:  require(/home2/bpomptkw/public_html/../laravel/bootstrap/autoload.php): failed to open stream: No such file or directory in /home2/bpomptkw/public_html/index.php on line 24
[13-May-2019 21:38:45 UTC] PHP Warning:  require(/home2/bpomptkw/public_html/../laravel/bootstrap/autoload.php): failed to open stream: No such file or directory in /home2/bpomptkw/public_html/index.php on line 24
[13-May-2019 21:38:45 UTC] PHP Fatal error:  require(): Failed opening required '/home2/bpomptkw/public_html/../laravel/bootstrap/autoload.php' (include_path='.:/opt/cpanel/ea-php56/root/usr/share/pear') in /home2/bpomptkw/public_html/index.php on line 24
[13-May-2019 21:38:46 UTC] PHP Warning:  require(/home2/bpomptkw/public_html/../laravel/bootstrap/autoload.php): failed to open stream: No such file or directory in /home2/bpomptkw/public_html/index.php on line 24
[13-May-2019 21:38:46 UTC] PHP Warning:  require(/home2/bpomptkw/public_html/../laravel/bootstrap/autoload.php): failed to open stream: No such file or directory in /home2/bpomptkw/public_html/index.php on line 24
[13-May-2019 21:38:46 UTC] PHP Fatal error:  require(): Failed opening required '/home2/bpomptkw/public_html/../laravel/bootstrap/autoload.php' (include_path='.:/opt/cpanel/ea-php56/root/usr/share/pear') in /home2/bpomptkw/public_html/index.php on line 24
[13-May-2019 21:38:47 UTC] PHP Warning:  require(/home2/bpomptkw/public_html/../laravel/bootstrap/autoload.php): failed to open stream: No such file or directory in /home2/bpomptkw/public_html/index.php on line 24
[13-May-2019 21:38:47 UTC] PHP Warning:  require(/home2/bpomptkw/public_html/../laravel/bootstrap/autoload.php): failed to open stream: No such file or directory in /home2/bpomptkw/public_html/index.php on line 24
[13-May-2019 21:38:47 UTC] PHP Fatal error:  require(): Failed opening required '/home2/bpomptkw/public_html/../laravel/bootstrap/autoload.php' (include_path='.:/opt/cpanel/ea-php56/root/usr/share/pear') in /home2/bpomptkw/public_html/index.php on line 24
[13-May-2019 21:38:47 UTC] PHP Warning:  require(/home2/bpomptkw/public_html/../laravel/bootstrap/autoload.php): failed to open stream: No such file or directory in /home2/bpomptkw/public_html/index.php on line 24
[13-May-2019 21:38:47 UTC] PHP Warning:  require(/home2/bpomptkw/public_html/../laravel/bootstrap/autoload.php): failed to open stream: No such file or directory in /home2/bpomptkw/public_html/index.php on line 24
[13-May-2019 21:38:47 UTC] PHP Fatal error:  require(): Failed opening required '/home2/bpomptkw/public_html/../laravel/bootstrap/autoload.php' (include_path='.:/opt/cpanel/ea-php56/root/usr/share/pear') in /home2/bpomptkw/public_html/index.php on line 24
[13-May-2019 21:38:48 UTC] PHP Warning:  require(/home2/bpomptkw/public_html/../laravel/bootstrap/autoload.php): failed to open stream: No such file or directory in /home2/bpomptkw/public_html/index.php on line 24
[13-May-2019 21:38:48 UTC] PHP Warning:  require(/home2/bpomptkw/public_html/../laravel/bootstrap/autoload.php): failed to open stream: No such file or directory in /home2/bpomptkw/public_html/index.php on line 24
[13-May-2019 21:38:48 UTC] PHP Fatal error:  require(): Failed opening required '/home2/bpomptkw/public_html/../laravel/bootstrap/autoload.php' (include_path='.:/opt/cpanel/ea-php56/root/usr/share/pear') in /home2/bpomptkw/public_html/index.php on line 24
[13-May-2019 21:38:48 UTC] PHP Warning:  require(/home2/bpomptkw/public_html/../laravel/bootstrap/autoload.php): failed to open stream: No such file or directory in /home2/bpomptkw/public_html/index.php on line 24
[13-May-2019 21:38:48 UTC] PHP Warning:  require(/home2/bpomptkw/public_html/../laravel/bootstrap/autoload.php): failed to open stream: No such file or directory in /home2/bpomptkw/public_html/index.php on line 24
[13-May-2019 21:38:48 UTC] PHP Fatal error:  require(): Failed opening required '/home2/bpomptkw/public_html/../laravel/bootstrap/autoload.php' (include_path='.:/opt/cpanel/ea-php56/root/usr/share/pear') in /home2/bpomptkw/public_html/index.php on line 24
[13-May-2019 21:38:48 UTC] PHP Warning:  require(/home2/bpomptkw/public_html/../laravel/bootstrap/autoload.php): failed to open stream: No such file or directory in /home2/bpomptkw/public_html/index.php on line 24
[13-May-2019 21:38:48 UTC] PHP Warning:  require(/home2/bpomptkw/public_html/../laravel/bootstrap/autoload.php): failed to open stream: No such file or directory in /home2/bpomptkw/public_html/index.php on line 24
[13-May-2019 21:38:48 UTC] PHP Fatal error:  require(): Failed opening required '/home2/bpomptkw/public_html/../laravel/bootstrap/autoload.php' (include_path='.:/opt/cpanel/ea-php56/root/usr/share/pear') in /home2/bpomptkw/public_html/index.php on line 24
[13-May-2019 21:38:49 UTC] PHP Warning:  require(/home2/bpomptkw/public_html/../laravel/bootstrap/autoload.php): failed to open stream: No such file or directory in /home2/bpomptkw/public_html/index.php on line 24
[13-May-2019 21:38:49 UTC] PHP Warning:  require(/home2/bpomptkw/public_html/../laravel/bootstrap/autoload.php): failed to open stream: No such file or directory in /home2/bpomptkw/public_html/index.php on line 24
[13-May-2019 21:38:49 UTC] PHP Fatal error:  require(): Failed opening required '/home2/bpomptkw/public_html/../laravel/bootstrap/autoload.php' (include_path='.:/opt/cpanel/ea-php56/root/usr/share/pear') in /home2/bpomptkw/public_html/index.php on line 24
[13-May-2019 21:39:12 UTC] PHP Parse error:  syntax error, unexpected '?' in /home2/bpomptkw/laravel/vendor/laravel/framework/src/Illuminate/Foundation/helpers.php on line 500
[13-May-2019 21:40:05 UTC] PHP Parse error:  syntax error, unexpected '?' in /home2/bpomptkw/laravel/vendor/laravel/framework/src/Illuminate/Foundation/helpers.php on line 500
[13-May-2019 21:40:10 UTC] PHP Parse error:  syntax error, unexpected '?' in /home2/bpomptkw/laravel/vendor/laravel/framework/src/Illuminate/Foundation/helpers.php on line 500
[13-May-2019 22:09:12 UTC] PHP Parse error:  syntax error, unexpected '?' in /home2/bpomptkw/laravel/vendor/laravel/framework/src/Illuminate/Foundation/helpers.php on line 500
[13-May-2019 22:13:36 UTC] PHP Parse error:  syntax error, unexpected '?' in /home2/bpomptkw/laravel/vendor/laravel/framework/src/Illuminate/Foundation/helpers.php on line 500
[13-May-2019 22:15:06 UTC] PHP Parse error:  syntax error, unexpected '?' in /home2/bpomptkw/laravel/vendor/laravel/framework/src/Illuminate/Foundation/helpers.php on line 500
[13-May-2019 22:20:45 UTC] PHP Parse error:  syntax error, unexpected '?' in /home2/bpomptkw/laravel/vendor/laravel/framework/src/Illuminate/Foundation/helpers.php on line 500
[13-May-2019 22:26:41 UTC] PHP Parse error:  syntax error, unexpected '?' in /home2/bpomptkw/laravel/vendor/laravel/framework/src/Illuminate/Foundation/helpers.php on line 500
[14-May-2019 00:08:54 UTC] PHP Parse error:  syntax error, unexpected '?' in /home2/bpomptkw/laravel/vendor/laravel/framework/src/Illuminate/Foundation/helpers.php on line 500
[14-May-2019 00:21:11 UTC] PHP Parse error:  syntax error, unexpected '?' in /home2/bpomptkw/laravel/vendor/laravel/framework/src/Illuminate/Foundation/helpers.php on line 500
[14-May-2019 00:21:14 UTC] PHP Parse error:  syntax error, unexpected '?' in /home2/bpomptkw/laravel/vendor/laravel/framework/src/Illuminate/Foundation/helpers.php on line 500
[14-May-2019 00:21:16 UTC] PHP Parse error:  syntax error, unexpected '?' in /home2/bpomptkw/laravel/vendor/laravel/framework/src/Illuminate/Foundation/helpers.php on line 500
[14-May-2019 00:24:20 UTC] PHP Parse error:  syntax error, unexpected '?' in /home2/bpomptkw/laravel/vendor/laravel/framework/src/Illuminate/Foundation/helpers.php on line 500
[14-May-2019 00:27:04 UTC] PHP Parse error:  syntax error, unexpected '?' in /home2/bpomptkw/laravel/vendor/laravel/framework/src/Illuminate/Foundation/helpers.php on line 500
[14-May-2019 00:27:06 UTC] PHP Parse error:  syntax error, unexpected '?' in /home2/bpomptkw/laravel/vendor/laravel/framework/src/Illuminate/Foundation/helpers.php on line 500
[14-May-2019 00:27:24 UTC] PHP Parse error:  syntax error, unexpected '?' in /home2/bpomptkw/laravel/vendor/laravel/framework/src/Illuminate/Foundation/helpers.php on line 500
[14-May-2019 00:27:54 UTC] PHP Parse error:  syntax error, unexpected '?' in /home2/bpomptkw/laravel/vendor/laravel/framework/src/Illuminate/Foundation/helpers.php on line 500
[14-May-2019 00:27:55 UTC] PHP Parse error:  syntax error, unexpected '?' in /home2/bpomptkw/laravel/vendor/laravel/framework/src/Illuminate/Foundation/helpers.php on line 500
[14-May-2019 00:28:30 UTC] PHP Parse error:  syntax error, unexpected '?' in /home2/bpomptkw/laravel/vendor/laravel/framework/src/Illuminate/Foundation/helpers.php on line 500
[14-May-2019 00:31:55 UTC] PHP Parse error:  syntax error, unexpected '?' in /home2/bpomptkw/laravel/vendor/laravel/framework/src/Illuminate/Foundation/helpers.php on line 500
[28-May-2019 16:12:40 UTC] PHP Warning:  include(/home2/bpomptkw/laravel/vendor/composer/../../app/Http/Kernel.php): failed to open stream: No such file or directory in /home2/bpomptkw/laravel/vendor/composer/ClassLoader.php on line 444
[28-May-2019 16:12:40 UTC] PHP Warning:  include(/home2/bpomptkw/laravel/vendor/composer/../../app/Http/Kernel.php): failed to open stream: No such file or directory in /home2/bpomptkw/laravel/vendor/composer/ClassLoader.php on line 444
[28-May-2019 16:12:40 UTC] PHP Warning:  include(): Failed opening '/home2/bpomptkw/laravel/vendor/composer/../../app/Http/Kernel.php' for inclusion (include_path='.:/opt/alt/php73/usr/share/pear') in /home2/bpomptkw/laravel/vendor/composer/ClassLoader.php on line 444
[28-May-2019 16:12:40 UTC] PHP Fatal error:  Uncaught ReflectionException: Class App\Http\Kernel does not exist in /home2/bpomptkw/laravel/vendor/laravel/framework/src/Illuminate/Container/Container.php:779
Stack trace:
#0 /home2/bpomptkw/laravel/vendor/laravel/framework/src/Illuminate/Container/Container.php(779): ReflectionClass->__construct('App\\Http\\Kernel')
#1 /home2/bpomptkw/laravel/vendor/laravel/framework/src/Illuminate/Container/Container.php(658): Illuminate\Container\Container->build('App\\Http\\Kernel')
#2 /home2/bpomptkw/laravel/vendor/laravel/framework/src/Illuminate/Container/Container.php(609): Illuminate\Container\Container->resolve('App\\Http\\Kernel', Array)
#3 /home2/bpomptkw/laravel/vendor/laravel/framework/src/Illuminate/Foundation/Application.php(759): Illuminate\Container\Container->make('App\\Http\\Kernel', Array)
#4 /home2/bpomptkw/laravel/vendor/laravel/framework/src/Illuminate/Container/Container.php(264): Illuminate\Foundation\Application->make('App\\Http\\Kernel', Array)
#5 /home2/bpomptkw/laravel/vendor/laravel/framework in /home2/bpomptkw/laravel/vendor/laravel/framework/src/Illuminate/Container/Container.php on line 779
[28-May-2019 16:12:43 UTC] PHP Warning:  include(/home2/bpomptkw/laravel/vendor/composer/../../app/Http/Kernel.php): failed to open stream: No such file or directory in /home2/bpomptkw/laravel/vendor/composer/ClassLoader.php on line 444
[28-May-2019 16:12:43 UTC] PHP Warning:  include(/home2/bpomptkw/laravel/vendor/composer/../../app/Http/Kernel.php): failed to open stream: No such file or directory in /home2/bpomptkw/laravel/vendor/composer/ClassLoader.php on line 444
[28-May-2019 16:12:43 UTC] PHP Warning:  include(): Failed opening '/home2/bpomptkw/laravel/vendor/composer/../../app/Http/Kernel.php' for inclusion (include_path='.:/opt/alt/php73/usr/share/pear') in /home2/bpomptkw/laravel/vendor/composer/ClassLoader.php on line 444
[28-May-2019 16:12:43 UTC] PHP Fatal error:  Uncaught ReflectionException: Class App\Http\Kernel does not exist in /home2/bpomptkw/laravel/vendor/laravel/framework/src/Illuminate/Container/Container.php:779
Stack trace:
#0 /home2/bpomptkw/laravel/vendor/laravel/framework/src/Illuminate/Container/Container.php(779): ReflectionClass->__construct('App\\Http\\Kernel')
#1 /home2/bpomptkw/laravel/vendor/laravel/framework/src/Illuminate/Container/Container.php(658): Illuminate\Container\Container->build('App\\Http\\Kernel')
#2 /home2/bpomptkw/laravel/vendor/laravel/framework/src/Illuminate/Container/Container.php(609): Illuminate\Container\Container->resolve('App\\Http\\Kernel', Array)
#3 /home2/bpomptkw/laravel/vendor/laravel/framework/src/Illuminate/Foundation/Application.php(759): Illuminate\Container\Container->make('App\\Http\\Kernel', Array)
#4 /home2/bpomptkw/laravel/vendor/laravel/framework/src/Illuminate/Container/Container.php(264): Illuminate\Foundation\Application->make('App\\Http\\Kernel', Array)
#5 /home2/bpomptkw/laravel/vendor/laravel/framework in /home2/bpomptkw/laravel/vendor/laravel/framework/src/Illuminate/Container/Container.php on line 779
[28-May-2019 16:12:44 UTC] PHP Warning:  include(/home2/bpomptkw/laravel/vendor/composer/../../app/Http/Kernel.php): failed to open stream: No such file or directory in /home2/bpomptkw/laravel/vendor/composer/ClassLoader.php on line 444
[28-May-2019 16:12:44 UTC] PHP Warning:  include(/home2/bpomptkw/laravel/vendor/composer/../../app/Http/Kernel.php): failed to open stream: No such file or directory in /home2/bpomptkw/laravel/vendor/composer/ClassLoader.php on line 444
[28-May-2019 16:12:44 UTC] PHP Warning:  include(): Failed opening '/home2/bpomptkw/laravel/vendor/composer/../../app/Http/Kernel.php' for inclusion (include_path='.:/opt/alt/php73/usr/share/pear') in /home2/bpomptkw/laravel/vendor/composer/ClassLoader.php on line 444
[28-May-2019 16:12:44 UTC] PHP Fatal error:  Uncaught ReflectionException: Class App\Http\Kernel does not exist in /home2/bpomptkw/laravel/vendor/laravel/framework/src/Illuminate/Container/Container.php:779
Stack trace:
#0 /home2/bpomptkw/laravel/vendor/laravel/framework/src/Illuminate/Container/Container.php(779): ReflectionClass->__construct('App\\Http\\Kernel')
#1 /home2/bpomptkw/laravel/vendor/laravel/framework/src/Illuminate/Container/Container.php(658): Illuminate\Container\Container->build('App\\Http\\Kernel')
#2 /home2/bpomptkw/laravel/vendor/laravel/framework/src/Illuminate/Container/Container.php(609): Illuminate\Container\Container->resolve('App\\Http\\Kernel', Array)
#3 /home2/bpomptkw/laravel/vendor/laravel/framework/src/Illuminate/Foundation/Application.php(759): Illuminate\Container\Container->make('App\\Http\\Kernel', Array)
#4 /home2/bpomptkw/laravel/vendor/laravel/framework/src/Illuminate/Container/Container.php(264): Illuminate\Foundation\Application->make('App\\Http\\Kernel', Array)
#5 /home2/bpomptkw/laravel/vendor/laravel/framework in /home2/bpomptkw/laravel/vendor/laravel/framework/src/Illuminate/Container/Container.php on line 779
[04-Nov-2019 00:09:06 UTC] PHP Parse error:  syntax error, unexpected '{' in /home2/bpomptkw/laravel/app/NotifHelper.php on line 8
[04-Nov-2019 00:09:09 UTC] PHP Parse error:  syntax error, unexpected '{' in /home2/bpomptkw/laravel/app/NotifHelper.php on line 8
